This is pdfTeX, Version 3.141592653-2.6-1.40.24 (MiKTeX 22.1) (preloaded format=pdflatex 2024.10.9)  27 NOV 2024 13:59
entering extended mode
 restricted \write18 enabled.
 file:line:error style messages enabled.
 %&-line parsing enabled.
**"/Users/almustaphasilvester/Desktop/Graduate School (CU Boulder)/FALL 2024/ASEN 5044 - Statistical Estimation for Dynamical Systems/Final Project/FinalProject.tex"
(/Users/almustaphasilvester/Desktop/Graduate School (CU Boulder)/FALL 2024/ASEN 5044 - Statistical Estimation for Dynamical Systems/Final Project/FinalProject.tex
LaTeX2e <2024-06-01> patch level 2
L3 programming layer <2024-08-30>
(/Users/almustaphasilvester/Library/Application Support/MiKTeX/texmfs/install/tex/latex/base/article.cls
Document Class: article 2024/02/08 v1.4n Standard LaTeX document class
(/Users/almustaphasilvester/Library/Application Support/MiKTeX/texmfs/install/tex/latex/base/size10.clo
File: size10.clo 2024/02/08 v1.4n Standard LaTeX file (size option)
)
\c@part=\count194
\c@section=\count195
\c@subsection=\count196
\c@subsubsection=\count197
\c@paragraph=\count198
\c@subparagraph=\count199
\c@figure=\count266
\c@table=\count267
\abovecaptionskip=\skip49
\belowcaptionskip=\skip50
\bibindent=\dimen141
) (/Users/almustaphasilvester/Library/Application Support/MiKTeX/texmfs/install/tex/latex/geometry/geometry.sty
Package: geometry 2020/01/02 v5.9 Page Geometry
 (/Users/almustaphasilvester/Library/Application Support/MiKTeX/texmfs/install/tex/latex/graphics/keyval.sty
Package: keyval 2022/05/29 v1.15 key=value parser (DPC)
\KV@toks@=\toks17
) (/Users/almustaphasilvester/Library/Application Support/MiKTeX/texmfs/install/tex/generic/iftex/ifvtex.sty
Package: ifvtex 2019/10/25 v1.7 ifvtex legacy package. Use iftex instead.
 (/Users/almustaphasilvester/Library/Application Support/MiKTeX/texmfs/install/tex/generic/iftex/iftex.sty
Package: iftex 2022/02/03 v1.0f TeX engine tests
))
\Gm@cnth=\count268
\Gm@cntv=\count269
\c@Gm@tempcnt=\count270
\Gm@bindingoffset=\dimen142
\Gm@wd@mp=\dimen143
\Gm@odd@mp=\dimen144
\Gm@even@mp=\dimen145
\Gm@layoutwidth=\dimen146
\Gm@layoutheight=\dimen147
\Gm@layouthoffset=\dimen148
\Gm@layoutvoffset=\dimen149
\Gm@dimlist=\toks18
 (/Users/almustaphasilvester/Library/Application Support/MiKTeX/texmfs/install/tex/latex/geometry/geometry.cfg)) (/Users/almustaphasilvester/Library/Application Support/MiKTeX/texmfs/install/tex/latex/titling/titling.sty
Package: titling 2009/09/04 v2.1d maketitle typesetting
\thanksmarkwidth=\skip51
\thanksmargin=\skip52
\droptitle=\skip53
) (/Users/almustaphasilvester/Library/Application Support/MiKTeX/texmfs/install/tex/latex/amsmath/amsmath.sty
Package: amsmath 2024/05/23 v2.17q AMS math features
\@mathmargin=\skip54

For additional information on amsmath, use the `?' option.
(/Users/almustaphasilvester/Library/Application Support/MiKTeX/texmfs/install/tex/latex/amsmath/amstext.sty
Package: amstext 2021/08/26 v2.01 AMS text
 (/Users/almustaphasilvester/Library/Application Support/MiKTeX/texmfs/install/tex/latex/amsmath/amsgen.sty
File: amsgen.sty 1999/11/30 v2.0 generic functions
\@emptytoks=\toks19
\ex@=\dimen150
)) (/Users/almustaphasilvester/Library/Application Support/MiKTeX/texmfs/install/tex/latex/amsmath/amsbsy.sty
Package: amsbsy 1999/11/29 v1.2d Bold Symbols
\pmbraise@=\dimen151
) (/Users/almustaphasilvester/Library/Application Support/MiKTeX/texmfs/install/tex/latex/amsmath/amsopn.sty
Package: amsopn 2022/04/08 v2.04 operator names
)
\inf@bad=\count271
LaTeX Info: Redefining \frac on input line 233.
\uproot@=\count272
\leftroot@=\count273
LaTeX Info: Redefining \overline on input line 398.
LaTeX Info: Redefining \colon on input line 409.
\classnum@=\count274
\DOTSCASE@=\count275
LaTeX Info: Redefining \ldots on input line 495.
LaTeX Info: Redefining \dots on input line 498.
LaTeX Info: Redefining \cdots on input line 619.
\Mathstrutbox@=\box52
\strutbox@=\box53
LaTeX Info: Redefining \big on input line 721.
LaTeX Info: Redefining \Big on input line 722.
LaTeX Info: Redefining \bigg on input line 723.
LaTeX Info: Redefining \Bigg on input line 724.
\big@size=\dimen152
LaTeX Font Info:    Redeclaring font encoding OML on input line 742.
LaTeX Font Info:    Redeclaring font encoding OMS on input line 743.
\macc@depth=\count276
LaTeX Info: Redefining \bmod on input line 904.
LaTeX Info: Redefining \pmod on input line 909.
LaTeX Info: Redefining \smash on input line 939.
LaTeX Info: Redefining \relbar on input line 969.
LaTeX Info: Redefining \Relbar on input line 970.
\c@MaxMatrixCols=\count277
\dotsspace@=\muskip17
\c@parentequation=\count278
\dspbrk@lvl=\count279
\tag@help=\toks20
\row@=\count280
\column@=\count281
\maxfields@=\count282
\andhelp@=\toks21
\eqnshift@=\dimen153
\alignsep@=\dimen154
\tagshift@=\dimen155
\tagwidth@=\dimen156
\totwidth@=\dimen157
\lineht@=\dimen158
\@envbody=\toks22
\multlinegap=\skip55
\multlinetaggap=\skip56
\mathdisplay@stack=\toks23
LaTeX Info: Redefining \[ on input line 2953.
LaTeX Info: Redefining \] on input line 2954.
) (/Users/almustaphasilvester/Library/Application Support/MiKTeX/texmfs/install/tex/latex/l3backend/l3backend-pdftex.def
File: l3backend-pdftex.def 2024-05-08 L3 backend support: PDF output (pdfTeX)
\l__color_backend_stack_int=\count283
\l__pdf_internal_box=\box54
) (FinalProject.aux)
\openout1 = `FinalProject.aux'.

LaTeX Font Info:    Checking defaults for OML/cmm/m/it on input line 14.
LaTeX Font Info:    ... okay on input line 14.
LaTeX Font Info:    Checking defaults for OMS/cmsy/m/n on input line 14.
LaTeX Font Info:    ... okay on input line 14.
LaTeX Font Info:    Checking defaults for OT1/cmr/m/n on input line 14.
LaTeX Font Info:    ... okay on input line 14.
LaTeX Font Info:    Checking defaults for T1/cmr/m/n on input line 14.
LaTeX Font Info:    ... okay on input line 14.
LaTeX Font Info:    Checking defaults for TS1/cmr/m/n on input line 14.
LaTeX Font Info:    ... okay on input line 14.
LaTeX Font Info:    Checking defaults for OMX/cmex/m/n on input line 14.
LaTeX Font Info:    ... okay on input line 14.
LaTeX Font Info:    Checking defaults for U/cmr/m/n on input line 14.
LaTeX Font Info:    ... okay on input line 14.

*geometry* driver: auto-detecting
*geometry* detected driver: pdftex
*geometry* verbose mode - [ preamble ] result:
* driver: pdftex
* paper: <default>
* layout: <same size as paper>
* layoutoffset:(h,v)=(0.0pt,0.0pt)
* modes: 
* h-part:(L,W,R)=(92.14519pt, 430.00462pt, 92.14519pt)
* v-part:(T,H,B)=(95.39737pt, 556.47656pt, 143.09605pt)
* \paperwidth=614.295pt
* \paperheight=794.96999pt
* \textwidth=430.00462pt
* \textheight=556.47656pt
* \oddsidemargin=19.8752pt
* \evensidemargin=19.8752pt
* \topmargin=-13.87262pt
* \headheight=12.0pt
* \headsep=25.0pt
* \topskip=10.0pt
* \footskip=30.0pt
* \marginparwidth=65.0pt
* \marginparsep=11.0pt
* \columnsep=10.0pt
* \skip\footins=9.0pt plus 4.0pt minus 2.0pt
* \hoffset=0.0pt
* \voffset=0.0pt
* \mag=1000
* \@twocolumnfalse
* \@twosidefalse
* \@mparswitchfalse
* \@reversemarginfalse
* (1in=72.27pt=25.4mm, 1cm=28.453pt)



[1

{/Users/almustaphasilvester/Library/Application Support/MiKTeX/texmfs/data/fonts/map/pdftex/pdftex.map}]
Overfull \hbox (19.2756pt too wide) detected at line 69
[]
 []



[2]

[3]

[4] (FinalProject.aux)
 ***********
LaTeX2e <2024-06-01> patch level 2
L3 programming layer <2024-08-30>
 ***********
 ) 
Here is how much of TeX's memory you used:
 1843 strings out of 473899
 30542 string characters out of 5711441
 444542 words of memory out of 5000000
 24745 multiletter control sequences out of 15000+600000
 563144 words of font info for 54 fonts, out of 8000000 for 9000
 1141 hyphenation exceptions out of 8191
 57i,11n,65p,358b,208s stack positions out of 10000i,1000n,20000p,200000b,200000s
</Users/almustaphasilvester/Library/Application Support/MiKTeX/texmfs/install/fonts/type1/public/amsfonts/cm/cmbx12.pfb></Users/almustaphasilvester/Library/Application Support/MiKTeX/texmfs/install/fonts/type1/public/amsfonts/cm/cmex10.pfb></Users/almustaphasilvester/Library/Application Support/MiKTeX/texmfs/install/fonts/type1/public/amsfonts/cm/cmmi10.pfb></Users/almustaphasilvester/Library/Application Support/MiKTeX/texmfs/install/fonts/type1/public/amsfonts/cm/cmmi5.pfb></Users/almustaphasilvester/Library/Application Support/MiKTeX/texmfs/install/fonts/type1/public/amsfonts/cm/cmmi7.pfb></Users/almustaphasilvester/Library/Application Support/MiKTeX/texmfs/install/fonts/type1/public/amsfonts/cm/cmr10.pfb></Users/almustaphasilvester/Library/Application Support/MiKTeX/texmfs/install/fonts/type1/public/amsfonts/cm/cmr12.pfb></Users/almustaphasilvester/Library/Application Support/MiKTeX/texmfs/install/fonts/type1/public/amsfonts/cm/cmr17.pfb></Users/almustaphasilvester/Library/Application Support/MiKTeX/texmfs/install/fonts/type1/public/amsfonts/cm/cmr5.pfb></Users/almustaphasilvester/Library/Application Support/MiKTeX/texmfs/install/fonts/type1/public/amsfonts/cm/cmr7.pfb></Users/almustaphasilvester/Library/Application Support/MiKTeX/texmfs/install/fonts/type1/public/amsfonts/cm/cmsy10.pfb></Users/almustaphasilvester/Library/Application Support/MiKTeX/texmfs/install/fonts/type1/public/amsfonts/cm/cmsy7.pfb>
Output written on FinalProject.pdf (4 pages, 133962 bytes).
PDF statistics:
 75 PDF objects out of 1000 (max. 8388607)
 0 named destinations out of 1000 (max. 500000)
 1 words of extra memory for PDF output out of 10000 (max. 10000000)

